<?xml version="1.0" encoding="UTF-8"?>
<!-- Generated by org.testng.reporters.JUnitReportReporter -->
<testsuite hostname="DESKTOP-M101FJ5" failures="0" tests="3" name="com.lbrce.finalmodule.UserVerificationTest" time="0.017" errors="0" timestamp="2023-11-04T09:58:02 IST" skipped="0">
  <testcase classname="com.lbrce.finalmodule.UserVerificationTest" name="testcase3" time="0.001"/>
  <testcase classname="com.lbrce.finalmodule.UserVerificationTest" name="testcase2" time="0.001"/>
  <testcase classname="com.lbrce.finalmodule.UserVerificationTest" name="testcase1" time="0.015"/>
</testsuite> <!-- com.lbrce.finalmodule.UserVerificationTest -->
